action: GLOB, msg: packaging
cwd: d:\Syntell\pytorch_wrapper
cmd: 'C:\ProgramData\Anaconda3\python.exe' setup.py sdist --formats=zip --dist-dir '.tox\dist'
running sdist
running egg_info
writing pytorch_wrapper.egg-info\PKG-INFO
writing dependency_links to pytorch_wrapper.egg-info\dependency_links.txt
writing requirements to pytorch_wrapper.egg-info\requires.txt
writing top-level names to pytorch_wrapper.egg-info\top_level.txt
reading manifest file 'pytorch_wrapper.egg-info\SOURCES.txt'
adding license file 'LICENSE'
writing manifest file 'pytorch_wrapper.egg-info\SOURCES.txt'
running check
warning: check: missing required meta-data: url

warning: check: missing meta-data: if 'author' supplied, 'author_email' must be supplied too

creating pytorch_wrapper-0.0.0
creating pytorch_wrapper-0.0.0\pytorch_wrapper
creating pytorch_wrapper-0.0.0\pytorch_wrapper.egg-info
copying files to pytorch_wrapper-0.0.0...
copying LICENSE -> pytorch_wrapper-0.0.0
copying README.md -> pytorch_wrapper-0.0.0
copying pyproject.toml -> pytorch_wrapper-0.0.0
copying setup.cfg -> pytorch_wrapper-0.0.0
copying setup.py -> pytorch_wrapper-0.0.0
copying pytorch_wrapper\__init__.py -> pytorch_wrapper-0.0.0\pytorch_wrapper
copying pytorch_wrapper\trainer.py -> pytorch_wrapper-0.0.0\pytorch_wrapper
copying pytorch_wrapper\utils.py -> pytorch_wrapper-0.0.0\pytorch_wrapper
copying pytorch_wrapper.egg-info\PKG-INFO -> pytorch_wrapper-0.0.0\pytorch_wrapper.egg-info
copying pytorch_wrapper.egg-info\SOURCES.txt -> pytorch_wrapper-0.0.0\pytorch_wrapper.egg-info
copying pytorch_wrapper.egg-info\dependency_links.txt -> pytorch_wrapper-0.0.0\pytorch_wrapper.egg-info
copying pytorch_wrapper.egg-info\not-zip-safe -> pytorch_wrapper-0.0.0\pytorch_wrapper.egg-info
copying pytorch_wrapper.egg-info\requires.txt -> pytorch_wrapper-0.0.0\pytorch_wrapper.egg-info
copying pytorch_wrapper.egg-info\top_level.txt -> pytorch_wrapper-0.0.0\pytorch_wrapper.egg-info
Writing pytorch_wrapper-0.0.0\setup.cfg
creating '.tox\dist\pytorch_wrapper-0.0.0.zip' and adding 'pytorch_wrapper-0.0.0' to it
adding 'pytorch_wrapper-0.0.0'
adding 'pytorch_wrapper-0.0.0\pytorch_wrapper'
adding 'pytorch_wrapper-0.0.0\pytorch_wrapper.egg-info'
adding 'pytorch_wrapper-0.0.0\LICENSE'
adding 'pytorch_wrapper-0.0.0\PKG-INFO'
adding 'pytorch_wrapper-0.0.0\pyproject.toml'
adding 'pytorch_wrapper-0.0.0\README.md'
adding 'pytorch_wrapper-0.0.0\setup.cfg'
adding 'pytorch_wrapper-0.0.0\setup.py'
adding 'pytorch_wrapper-0.0.0\pytorch_wrapper\trainer.py'
adding 'pytorch_wrapper-0.0.0\pytorch_wrapper\utils.py'
adding 'pytorch_wrapper-0.0.0\pytorch_wrapper\__init__.py'
adding 'pytorch_wrapper-0.0.0\pytorch_wrapper.egg-info\dependency_links.txt'
adding 'pytorch_wrapper-0.0.0\pytorch_wrapper.egg-info\not-zip-safe'
adding 'pytorch_wrapper-0.0.0\pytorch_wrapper.egg-info\PKG-INFO'
adding 'pytorch_wrapper-0.0.0\pytorch_wrapper.egg-info\requires.txt'
adding 'pytorch_wrapper-0.0.0\pytorch_wrapper.egg-info\SOURCES.txt'
adding 'pytorch_wrapper-0.0.0\pytorch_wrapper.egg-info\top_level.txt'
removing 'pytorch_wrapper-0.0.0' (and everything under it)
